<?xml version="1.0" encoding="UTF-8"?>
<coverage generated="1493885343487" clover="3.2.0">
  <project timestamp="1493885343488" name="All files">
    <metrics statements="33" coveredstatements="28" conditionals="5" coveredconditionals="5" methods="19" coveredmethods="11" elements="57" coveredelements="44" complexity="0" loc="33" ncloc="33" packages="4" files="7" classes="7">
      <package name="zomaclone">
        <metrics statements="3" coveredstatements="3" conditionals="0" coveredconditionals="0" methods="2" coveredmethods="1"/>
        <file name="index.android.js" path="/Users/hacktiv8/Documents/handoko/Day1/zomaclone/index.android.js">
          <metrics statements="3" coveredstatements="3" conditionals="0" coveredconditionals="0" methods="2" coveredmethods="1"/>
          <line num="17" count="1" type="stmt"/>
          <line num="34" count="1" type="stmt"/>
          <line num="53" count="1" type="stmt"/>
        </file>
      </package>
      <package name="zomaclone.src.actions">
        <metrics statements="8" coveredstatements="7" conditionals="0" coveredconditionals="0" methods="6" coveredmethods="5"/>
        <file name="collectionActions.js" path="/Users/hacktiv8/Documents/handoko/Day1/zomaclone/src/actions/collectionActions.js">
          <metrics statements="7" coveredstatements="6" conditionals="0" coveredconditionals="0" methods="6" coveredmethods="5"/>
          <line num="4" count="3" type="stmt"/>
          <line num="9" count="2" type="stmt"/>
          <line num="10" count="1" type="stmt"/>
          <line num="19" count="1" type="stmt"/>
          <line num="21" count="1" type="stmt"/>
          <line num="22" count="1" type="stmt"/>
          <line num="24" count="0" type="stmt"/>
        </file>
        <file name="constants.js" path="/Users/hacktiv8/Documents/handoko/Day1/zomaclone/src/actions/constants.js">
          <metrics statements="1" coveredstatements="1" conditionals="0" coveredconditionals="0" methods="0" coveredmethods="0"/>
          <line num="1" count="3" type="stmt"/>
        </file>
        <file name="index.js" path="/Users/hacktiv8/Documents/handoko/Day1/zomaclone/src/actions/index.js">
          <metrics statements="0" coveredstatements="0" conditionals="0" coveredconditionals="0" methods="0" coveredmethods="0"/>
        </file>
      </package>
      <package name="zomaclone.src.components">
        <metrics statements="18" coveredstatements="14" conditionals="2" coveredconditionals="2" methods="10" coveredmethods="4"/>
        <file name="DetailCollection.js" path="/Users/hacktiv8/Documents/handoko/Day1/zomaclone/src/components/DetailCollection.js">
          <metrics statements="5" coveredstatements="5" conditionals="0" coveredconditionals="0" methods="2" coveredmethods="2"/>
          <line num="10" count="1" type="stmt"/>
          <line num="11" count="1" type="stmt"/>
          <line num="18" count="1" type="stmt"/>
          <line num="19" count="1" type="stmt"/>
          <line num="21" count="1" type="stmt"/>
        </file>
        <file name="Home.js" path="/Users/hacktiv8/Documents/handoko/Day1/zomaclone/src/components/Home.js">
          <metrics statements="13" coveredstatements="9" conditionals="2" coveredconditionals="2" methods="8" coveredmethods="2"/>
          <line num="19" count="1" type="stmt"/>
          <line num="20" count="1" type="stmt"/>
          <line num="26" count="0" type="stmt"/>
          <line num="30" count="1" type="stmt"/>
          <line num="31" count="1" type="stmt"/>
          <line num="32" count="1" type="stmt"/>
          <line num="34" count="1" type="stmt"/>
          <line num="46" count="0" type="stmt"/>
          <line num="49" count="0" type="stmt"/>
          <line num="70" count="1" type="stmt"/>
          <line num="94" count="1" type="stmt"/>
          <line num="95" count="0" type="stmt"/>
          <line num="98" count="1" type="stmt"/>
        </file>
      </package>
      <package name="zomaclone.src.reducers">
        <metrics statements="4" coveredstatements="4" conditionals="3" coveredconditionals="3" methods="1" coveredmethods="1"/>
        <file name="collectionReducer.js" path="/Users/hacktiv8/Documents/handoko/Day1/zomaclone/src/reducers/collectionReducer.js">
          <metrics statements="4" coveredstatements="4" conditionals="3" coveredconditionals="3" methods="1" coveredmethods="1"/>
          <line num="3" count="1" type="cond" truecount="1" falsecount="0"/>
          <line num="4" count="2" type="cond" truecount="2" falsecount="0"/>
          <line num="5" count="1" type="stmt"/>
          <line num="6" count="1" type="stmt"/>
        </file>
      </package>
    </metrics>
  </project>
</coverage>
