{"/Users/hacktiv8/Documents/handoko/Day1/zomaclone/index.android.js": {"path":"/Users/hacktiv8/Documents/handoko/Day1/zomaclone/index.android.js","statementMap":{"0":{"start":{"line":17,"column":4},"end":{"line":30,"column":6}},"1":{"start":{"line":34,"column":15},"end":{"line":51,"column":2}},"2":{"start":{"line":53,"column":0},"end":{"line":53,"column":60}},"3":{"start":{"line":53,"column":49},"end":{"line":53,"column":58}}},"fnMap":{"0":{"name":"(anonymous_0)","decl":{"start":{"line":16,"column":2},"end":{"line":16,"column":3}},"loc":{"start":{"line":16,"column":11},"end":{"line":31,"column":3}},"line":16},"1":{"name":"(anonymous_1)","decl":{"start":{"line":53,"column":43},"end":{"line":53,"column":44}},"loc":{"start":{"line":53,"column":49},"end":{"line":53,"column":58}},"line":53}},"branchMap":{},"s":{"0":1,"1":1,"2":1,"3":0},"f":{"0":1,"1":0},"b":{},"_coverageSchema":"332fd63041d2c1bcb487cc26dd0d5f7d97098a6c","hash":"c8d87cfe9bbd0e370491f01a6ac97839a55729ea"}
,"/Users/hacktiv8/Documents/handoko/Day1/zomaclone/src/actions/collectionActions.js": {"path":"/Users/hacktiv8/Documents/handoko/Day1/zomaclone/src/actions/collectionActions.js","statementMap":{"0":{"start":{"line":4,"column":30},"end":{"line":7,"column":2}},"1":{"start":{"line":4,"column":46},"end":{"line":7,"column":1}},"2":{"start":{"line":9,"column":32},"end":{"line":26,"column":1}},"3":{"start":{"line":10,"column":2},"end":{"line":25,"column":4}},"4":{"start":{"line":19,"column":2},"end":{"line":25,"column":4}},"5":{"start":{"line":21,"column":15},"end":{"line":21,"column":25}},"6":{"start":{"line":22,"column":16},"end":{"line":22,"column":58}},"7":{"start":{"line":24,"column":4},"end":{"line":24,"column":29}}},"fnMap":{"0":{"name":"(anonymous_0)","decl":{"start":{"line":4,"column":30},"end":{"line":4,"column":31}},"loc":{"start":{"line":4,"column":46},"end":{"line":7,"column":1}},"line":4},"1":{"name":"(anonymous_1)","decl":{"start":{"line":9,"column":32},"end":{"line":9,"column":33}},"loc":{"start":{"line":10,"column":2},"end":{"line":25,"column":4}},"line":10},"2":{"name":"(anonymous_2)","decl":{"start":{"line":10,"column":2},"end":{"line":10,"column":3}},"loc":{"start":{"line":19,"column":2},"end":{"line":25,"column":4}},"line":19},"3":{"name":"(anonymous_3)","decl":{"start":{"line":21,"column":8},"end":{"line":21,"column":9}},"loc":{"start":{"line":21,"column":15},"end":{"line":21,"column":25}},"line":21},"4":{"name":"(anonymous_4)","decl":{"start":{"line":22,"column":8},"end":{"line":22,"column":9}},"loc":{"start":{"line":22,"column":16},"end":{"line":22,"column":58}},"line":22},"5":{"name":"(anonymous_5)","decl":{"start":{"line":23,"column":9},"end":{"line":23,"column":10}},"loc":{"start":{"line":23,"column":24},"end":{"line":25,"column":3}},"line":23}},"branchMap":{},"s":{"0":2,"1":3,"2":2,"3":1,"4":1,"5":1,"6":1,"7":0},"f":{"0":3,"1":1,"2":1,"3":1,"4":1,"5":0},"b":{},"_coverageSchema":"332fd63041d2c1bcb487cc26dd0d5f7d97098a6c","hash":"d58fff6214fefc99821c13c75cb2182d27294648"}
,"/Users/hacktiv8/Documents/handoko/Day1/zomaclone/src/actions/constants.js": {"path":"/Users/hacktiv8/Documents/handoko/Day1/zomaclone/src/actions/constants.js","statementMap":{"0":{"start":{"line":1,"column":31},"end":{"line":1,"column":48}}},"fnMap":{},"branchMap":{},"s":{"0":3},"f":{},"b":{},"_coverageSchema":"332fd63041d2c1bcb487cc26dd0d5f7d97098a6c","hash":"8e6d3df69c712a1a3339c0cb6b7439a00c6a7ce3"}
,"/Users/hacktiv8/Documents/handoko/Day1/zomaclone/src/actions/index.js": {"path":"/Users/hacktiv8/Documents/handoko/Day1/zomaclone/src/actions/index.js","statementMap":{},"fnMap":{},"branchMap":{},"s":{},"f":{},"b":{},"_coverageSchema":"332fd63041d2c1bcb487cc26dd0d5f7d97098a6c","hash":"c6eaf7fc5c78fb127694560ff8bb31dc8615c96b"}
,"/Users/hacktiv8/Documents/handoko/Day1/zomaclone/src/components/DetailCollection.js": {"path":"/Users/hacktiv8/Documents/handoko/Day1/zomaclone/src/components/DetailCollection.js","statementMap":{"0":{"start":{"line":10,"column":4},"end":{"line":10,"column":16}},"1":{"start":{"line":11,"column":4},"end":{"line":12,"column":5}},"2":{"start":{"line":18,"column":23},"end":{"line":18,"column":50}},"3":{"start":{"line":19,"column":23},"end":{"line":19,"column":40}},"4":{"start":{"line":21,"column":4},"end":{"line":49,"column":5}}},"fnMap":{"0":{"name":"(anonymous_0)","decl":{"start":{"line":9,"column":2},"end":{"line":9,"column":3}},"loc":{"start":{"line":9,"column":20},"end":{"line":13,"column":3}},"line":9},"1":{"name":"(anonymous_1)","decl":{"start":{"line":17,"column":2},"end":{"line":17,"column":3}},"loc":{"start":{"line":17,"column":10},"end":{"line":50,"column":3}},"line":17}},"branchMap":{},"s":{"0":1,"1":1,"2":1,"3":1,"4":1},"f":{"0":1,"1":1},"b":{},"_coverageSchema":"332fd63041d2c1bcb487cc26dd0d5f7d97098a6c","hash":"78c225d5e71ee96449efe9811af39674011fc488"}
,"/Users/hacktiv8/Documents/handoko/Day1/zomaclone/src/components/Home.js": {"path":"/Users/hacktiv8/Documents/handoko/Day1/zomaclone/src/components/Home.js","statementMap":{"0":{"start":{"line":19,"column":4},"end":{"line":19,"column":16}},"1":{"start":{"line":20,"column":4},"end":{"line":22,"column":5}},"2":{"start":{"line":26,"column":4},"end":{"line":26,"column":33}},"3":{"start":{"line":30,"column":25},"end":{"line":30,"column":46}},"4":{"start":{"line":31,"column":72},"end":{"line":31,"column":78}},"5":{"start":{"line":32,"column":28},"end":{"line":32,"column":38}},"6":{"start":{"line":34,"column":4},"end":{"line":66,"column":5}},"7":{"start":{"line":46,"column":15},"end":{"line":58,"column":14}},"8":{"start":{"line":49,"column":33},"end":{"line":49,"column":63}},"9":{"start":{"line":70,"column":15},"end":{"line":92,"column":1}},"10":{"start":{"line":94,"column":27},"end":{"line":96,"column":2}},"11":{"start":{"line":94,"column":40},"end":{"line":96,"column":1}},"12":{"start":{"line":95,"column":26},"end":{"line":95,"column":54}},"13":{"start":{"line":98,"column":24},"end":{"line":100,"column":2}},"14":{"start":{"line":98,"column":34},"end":{"line":100,"column":1}}},"fnMap":{"0":{"name":"(anonymous_0)","decl":{"start":{"line":18,"column":2},"end":{"line":18,"column":3}},"loc":{"start":{"line":18,"column":20},"end":{"line":23,"column":3}},"line":18},"1":{"name":"(anonymous_1)","decl":{"start":{"line":25,"column":2},"end":{"line":25,"column":3}},"loc":{"start":{"line":25,"column":21},"end":{"line":27,"column":3}},"line":25},"2":{"name":"(anonymous_2)","decl":{"start":{"line":29,"column":2},"end":{"line":29,"column":3}},"loc":{"start":{"line":29,"column":10},"end":{"line":67,"column":3}},"line":29},"3":{"name":"(anonymous_3)","decl":{"start":{"line":45,"column":30},"end":{"line":45,"column":31}},"loc":{"start":{"line":45,"column":46},"end":{"line":59,"column":14}},"line":45},"4":{"name":"(anonymous_4)","decl":{"start":{"line":49,"column":27},"end":{"line":49,"column":28}},"loc":{"start":{"line":49,"column":33},"end":{"line":49,"column":63}},"line":49},"5":{"name":"(anonymous_5)","decl":{"start":{"line":94,"column":27},"end":{"line":94,"column":28}},"loc":{"start":{"line":94,"column":40},"end":{"line":96,"column":1}},"line":94},"6":{"name":"(anonymous_6)","decl":{"start":{"line":95,"column":20},"end":{"line":95,"column":21}},"loc":{"start":{"line":95,"column":26},"end":{"line":95,"column":54}},"line":95},"7":{"name":"(anonymous_7)","decl":{"start":{"line":98,"column":24},"end":{"line":98,"column":25}},"loc":{"start":{"line":98,"column":34},"end":{"line":100,"column":1}},"line":98}},"branchMap":{"0":{"loc":{"start":{"line":36,"column":8},"end":{"line":40,"column":18}},"type":"binary-expr","locations":[{"start":{"line":36,"column":8},"end":{"line":36,"column":32}},{"start":{"line":36,"column":36},"end":{"line":40,"column":18}}],"line":36}},"s":{"0":1,"1":1,"2":0,"3":1,"4":1,"5":1,"6":1,"7":0,"8":0,"9":1,"10":1,"11":0,"12":0,"13":1,"14":0},"f":{"0":1,"1":0,"2":1,"3":0,"4":0,"5":0,"6":0,"7":0},"b":{"0":[1,1]},"_coverageSchema":"332fd63041d2c1bcb487cc26dd0d5f7d97098a6c","hash":"a510f8915b3a40e01a6bb2a48d483b4a1e65b174"}
,"/Users/hacktiv8/Documents/handoko/Day1/zomaclone/src/reducers/collectionReducer.js": {"path":"/Users/hacktiv8/Documents/handoko/Day1/zomaclone/src/reducers/collectionReducer.js","statementMap":{"0":{"start":{"line":3,"column":26},"end":{"line":8,"column":1}},"1":{"start":{"line":4,"column":2},"end":{"line":7,"column":3}},"2":{"start":{"line":5,"column":26},"end":{"line":5,"column":47}},"3":{"start":{"line":6,"column":13},"end":{"line":6,"column":25}}},"fnMap":{"0":{"name":"(anonymous_0)","decl":{"start":{"line":3,"column":26},"end":{"line":3,"column":27}},"loc":{"start":{"line":3,"column":50},"end":{"line":8,"column":1}},"line":3}},"branchMap":{"0":{"loc":{"start":{"line":3,"column":27},"end":{"line":3,"column":37}},"type":"default-arg","locations":[{"start":{"line":3,"column":35},"end":{"line":3,"column":37}}],"line":3},"1":{"loc":{"start":{"line":4,"column":2},"end":{"line":7,"column":3}},"type":"switch","locations":[{"start":{"line":5,"column":4},"end":{"line":5,"column":47}},{"start":{"line":6,"column":4},"end":{"line":6,"column":25}}],"line":4}},"s":{"0":1,"1":2,"2":1,"3":1},"f":{"0":2},"b":{"0":[1],"1":[1,1]},"_coverageSchema":"332fd63041d2c1bcb487cc26dd0d5f7d97098a6c","hash":"d9fd2aef2700e5b42b5d14c1c968c3e3cb30b2fe"}
}
